[16616:21192:1223/103043.603:ERROR:simple_index_file.cc(294)] Could not create a directory to hold the index file
[16616:1608:1223/103043.604:ERROR:simple_index_file.cc(294)] Could not create a directory to hold the index file
[16616:21072:1223/103043.604:ERROR:simple_index_file.cc(294)] Could not create a directory to hold the index file
[16616:19528:1223/103043.604:ERROR:simple_index_file.cc(294)] Could not create a directory to hold the index file
[16616:21272:1223/103044.155:INFO:CONSOLE(1924)] "Deprecated API for given entry type.", source: https://mail.google.com/_/scs/mail-static/_/js/k=gmail.main.en.ZHV1yCgRU8k.es5.O/am=gKv8X8pHAAAcj24HfjYYCgcOwLI4EkAAhFhkpcQa3uAk-x9Ef0gA-rQYg4FwzAPQcQrGBwYAAAAAAAAAAAAAAAAAAAB2gRSD/d=1/exm=b/ed=1/im=1/dg=0/br=1/wt=1/rs=AHGWq9C3TZf_jingltQuai2lgygP3nWCEA/cb=loaded_1/m=a (1924)
[16616:19528:1223/103044.368:ERROR:simple_index_file.cc(294)] Could not create a directory to hold the index file
[16616:19528:1223/103044.824:ERROR:simple_index_file.cc(294)] Could not create a directory to hold the index file
[16616:1608:1223/103044.955:ERROR:simple_index_file.cc(294)] Could not create a directory to hold the index file
[16616:1608:1223/103045.117:ERROR:simple_index_file.cc(294)] Could not create a directory to hold the index file
[16616:15404:1223/103045.216:ERROR:simple_index_file.cc(294)] Could not create a directory to hold the index file
[16616:19528:1223/103045.237:ERROR:simple_index_file.cc(294)] Could not create a directory to hold the index file
[16616:20288:1223/103045.283:ERROR:simple_index_file.cc(294)] Could not create a directory to hold the index file
[16616:20288:1223/103045.446:ERROR:simple_index_file.cc(294)] Could not create a directory to hold the index file
[16616:21192:1223/103045.614:ERROR:simple_index_file.cc(294)] Could not create a directory to hold the index file
[16616:19528:1223/103045.823:ERROR:simple_index_file.cc(294)] Could not create a directory to hold the index file
[16616:20288:1223/103046.038:ERROR:simple_index_file.cc(294)] Could not create a directory to hold the index file
[16616:20288:1223/103046.151:ERROR:simple_index_file.cc(294)] Could not create a directory to hold the index file
[16616:1608:1223/103046.181:ERROR:simple_index_file.cc(294)] Could not create a directory to hold the index file
[16616:21072:1223/103046.214:ERROR:simple_index_file.cc(294)] Could not create a directory to hold the index file
[16616:20288:1223/103046.222:ERROR:simple_index_file.cc(294)] Could not create a directory to hold the index file
[16616:1608:1223/103046.253:ERROR:simple_index_file.cc(294)] Could not create a directory to hold the index file
[16616:21072:1223/103046.403:ERROR:simple_index_file.cc(294)] Could not create a directory to hold the index file
[16616:19528:1223/103046.464:ERROR:simple_index_file.cc(294)] Could not create a directory to hold the index file
[16616:20288:1223/103046.553:ERROR:simple_index_file.cc(294)] Could not create a directory to hold the index file
[16616:20288:1223/103046.590:ERROR:simple_index_file.cc(294)] Could not create a directory to hold the index file
[16616:19528:1223/103046.684:ERROR:simple_index_file.cc(294)] Could not create a directory to hold the index file
[16616:21192:1223/103046.716:ERROR:simple_index_file.cc(294)] Could not create a directory to hold the index file
[16616:20288:1223/103046.733:ERROR:simple_index_file.cc(294)] Could not create a directory to hold the index file
[16616:20288:1223/103046.768:ERROR:simple_index_file.cc(294)] Could not create a directory to hold the index file
[16616:1608:1223/103046.795:ERROR:simple_index_file.cc(294)] Could not create a directory to hold the index file
[16616:20288:1223/103046.812:ERROR:simple_index_file.cc(294)] Could not create a directory to hold the index file
[16616:21192:1223/103046.828:ERROR:simple_index_file.cc(294)] Could not create a directory to hold the index file
[16616:21072:1223/103046.854:ERROR:simple_index_file.cc(294)] Could not create a directory to hold the index file
[16616:1608:1223/103047.270:ERROR:simple_index_file.cc(294)] Could not create a directory to hold the index file
[16616:13476:1223/103049.597:ERROR:chrome_browser_main_extra_parts_metrics.cc(226)] crbug.com/1216328: Checking Bluetooth availability started. Please report if there is no report that this ends.
[16616:21272:1223/103049.597:ERROR:device_event_log_impl.cc(214)] [10:30:49.597] USB: usb_device_handle_win.cc:1048 Failed to read descriptor from node connection: Un périphérique attaché au système ne fonctionne pas correctement. (0x1F)
[16616:13476:1223/103049.598:ERROR:chrome_browser_main_extra_parts_metrics.cc(229)] crbug.com/1216328: Checking Bluetooth availability ended.
[16616:13476:1223/103049.598:ERROR:chrome_browser_main_extra_parts_metrics.cc(232)] crbug.com/1216328: Checking default browser status started. Please report if there is no report that this ends.
[16616:13476:1223/103049.608:ERROR:chrome_browser_main_extra_parts_metrics.cc(236)] crbug.com/1216328: Checking default browser status ended.
[16616:1608:1223/103050.431:ERROR:simple_index_file.cc(294)] Could not create a directory to hold the index file
[16616:21072:1223/103050.465:ERROR:simple_index_file.cc(294)] Could not create a directory to hold the index file
[16616:15404:1223/103050.726:ERROR:simple_index_file.cc(294)] Could not create a directory to hold the index file
[16616:21192:1223/103054.607:ERROR:simple_index_file.cc(294)] Could not create a directory to hold the index file
[16616:21072:1223/103054.607:ERROR:simple_index_file.cc(294)] Could not create a directory to hold the index file
[16616:20288:1223/103054.608:ERROR:simple_index_file.cc(294)] Could not create a directory to hold the index file
[16616:21192:1223/103054.608:ERROR:simple_index_file.cc(294)] Could not create a directory to hold the index file
[16616:1608:1223/103054.609:ERROR:simple_index_file.cc(294)] Could not create a directory to hold the index file
[16616:21192:1223/103054.609:ERROR:simple_index_file.cc(294)] Could not create a directory to hold the index file
[16616:15404:1223/103054.613:ERROR:simple_index_file.cc(294)] Could not create a directory to hold the index file
[16616:19528:1223/103054.613:ERROR:simple_index_file.cc(294)] Could not create a directory to hold the index file
[16616:1384:1223/103054.613:ERROR:simple_index_file.cc(294)] Could not create a directory to hold the index file
[16616:20288:1223/103054.613:ERROR:simple_index_file.cc(294)] Could not create a directory to hold the index file
[16616:1608:1223/103054.613:ERROR:simple_index_file.cc(294)] Could not create a directory to hold the index file
[16616:21008:1223/103054.613:ERROR:simple_index_file.cc(294)] Could not create a directory to hold the index file
[16616:18848:1223/103054.613:ERROR:simple_index_file.cc(294)] Could not create a directory to hold the index file
[16616:20288:1223/103054.613:ERROR:simple_index_file.cc(294)] Could not create a directory to hold the index file
[16616:21008:1223/103054.613:ERROR:simple_index_file.cc(294)] Could not create a directory to hold the index file
[16616:1608:1223/103054.613:ERROR:simple_index_file.cc(294)] Could not create a directory to hold the index file
[16616:20288:1223/103054.613:ERROR:simple_index_file.cc(294)] Could not create a directory to hold the index file
[16616:19528:1223/103054.613:ERROR:simple_index_file.cc(294)] Could not create a directory to hold the index file
[16616:1608:1223/103054.613:ERROR:simple_index_file.cc(294)] Could not create a directory to hold the index file
[16616:19528:1223/103054.614:ERROR:simple_index_file.cc(294)] Could not create a directory to hold the index file
[16616:21008:1223/103054.614:ERROR:simple_index_file.cc(294)] Could not create a directory to hold the index file
[16616:20288:1223/103054.614:ERROR:simple_index_file.cc(294)] Could not create a directory to hold the index file
[16616:1608:1223/103054.614:ERROR:simple_index_file.cc(294)] Could not create a directory to hold the index file
[16616:1384:1223/103054.614:ERROR:simple_index_file.cc(294)] Could not create a directory to hold the index file
[16616:15404:1223/103054.614:ERROR:simple_index_file.cc(294)] Could not create a directory to hold the index file
[16616:21008:1223/103054.614:ERROR:simple_index_file.cc(294)] Could not create a directory to hold the index file
[16616:19528:1223/103054.614:ERROR:simple_index_file.cc(294)] Could not create a directory to hold the index file
[16616:20288:1223/103054.614:ERROR:simple_index_file.cc(294)] Could not create a directory to hold the index file
[16616:21072:1223/103054.614:ERROR:simple_index_file.cc(294)] Could not create a directory to hold the index file
[16616:18848:1223/103054.614:ERROR:simple_index_file.cc(294)] Could not create a directory to hold the index file
[16616:19528:1223/103054.614:ERROR:simple_index_file.cc(294)] Could not create a directory to hold the index file
[16616:21008:1223/103054.614:ERROR:simple_index_file.cc(294)] Could not create a directory to hold the index file
[16616:21008:1223/103054.615:ERROR:simple_index_file.cc(294)] Could not create a directory to hold the index file
[16616:19528:1223/103056.832:ERROR:simple_index_file.cc(294)] Could not create a directory to hold the index file
[16616:21072:1223/103056.904:ERROR:simple_index_file.cc(294)] Could not create a directory to hold the index file
[16616:19528:1223/103056.942:ERROR:simple_index_file.cc(294)] Could not create a directory to hold the index file
[16616:21192:1223/103056.976:ERROR:simple_index_file.cc(294)] Could not create a directory to hold the index file
[16616:21072:1223/103057.009:ERROR:simple_index_file.cc(294)] Could not create a directory to hold the index file
[16616:21192:1223/103057.045:ERROR:simple_index_file.cc(294)] Could not create a directory to hold the index file
[16616:21008:1223/103057.077:ERROR:simple_index_file.cc(294)] Could not create a directory to hold the index file
[16616:21072:1223/103057.110:ERROR:simple_index_file.cc(294)] Could not create a directory to hold the index file
[16616:21192:1223/103057.144:ERROR:simple_index_file.cc(294)] Could not create a directory to hold the index file
[16616:21192:1223/103057.343:ERROR:simple_index_file.cc(294)] Could not create a directory to hold the index file
[16616:21008:1223/103057.363:ERROR:simple_index_file.cc(294)] Could not create a directory to hold the index file
[16616:21008:1223/103057.383:ERROR:simple_index_file.cc(294)] Could not create a directory to hold the index file
[16616:21072:1223/103057.404:ERROR:simple_index_file.cc(294)] Could not create a directory to hold the index file
[16616:19528:1223/103057.449:ERROR:simple_index_file.cc(294)] Could not create a directory to hold the index file
[16616:21192:1223/103057.470:ERROR:simple_index_file.cc(294)] Could not create a directory to hold the index file
[16616:21008:1223/103057.482:ERROR:simple_index_file.cc(294)] Could not create a directory to hold the index file
[16616:21072:1223/103057.501:ERROR:simple_index_file.cc(294)] Could not create a directory to hold the index file
[16616:19528:1223/103057.531:ERROR:simple_index_file.cc(294)] Could not create a directory to hold the index file
[16616:21272:1223/103057.535:INFO:CONSOLE(0)] "Uncaught (in promise) InvalidAccessError: Entry already exists.", source: https://mail.google.com/mail/u/0/#search/in%3Aspam+subject%3Ahhhhh (0)
[16616:20288:1223/103057.638:ERROR:simple_index_file.cc(294)] Could not create a directory to hold the index file
[16616:15404:1223/103057.638:ERROR:simple_index_file.cc(294)] Could not create a directory to hold the index file
[16616:19708:1223/103057.638:ERROR:simple_index_file.cc(294)] Could not create a directory to hold the index file
[16616:19628:1223/103057.638:ERROR:simple_index_file.cc(294)] Could not create a directory to hold the index file
[16616:5908:1223/103057.638:ERROR:simple_index_file.cc(294)] Could not create a directory to hold the index file
[16616:19708:1223/103057.640:ERROR:simple_index_file.cc(294)] Could not create a directory to hold the index file
[16616:15268:1223/103057.638:ERROR:simple_index_file.cc(294)] Could not create a directory to hold the index file
[16616:5908:1223/103057.640:ERROR:simple_index_file.cc(294)] Could not create a directory to hold the index file
[16616:17640:1223/103057.638:ERROR:simple_index_file.cc(294)] Could not create a directory to hold the index file
[16616:8752:1223/103057.638:ERROR:simple_index_file.cc(294)] Could not create a directory to hold the index file
[16616:19628:1223/103057.640:ERROR:simple_index_file.cc(294)] Could not create a directory to hold the index file
[16616:15268:1223/103057.640:ERROR:simple_index_file.cc(294)] Could not create a directory to hold the index file
[16616:17868:1223/103057.638:ERROR:simple_index_file.cc(294)] Could not create a directory to hold the index file
[16616:21072:1223/103057.638:ERROR:simple_index_file.cc(294)] Could not create a directory to hold the index file
[16616:19708:1223/103057.640:ERROR:simple_index_file.cc(294)] Could not create a directory to hold the index file
[16616:1608:1223/103057.638:ERROR:simple_index_file.cc(294)] Could not create a directory to hold the index file
[16616:15404:1223/103057.640:ERROR:simple_index_file.cc(294)] Could not create a directory to hold the index file
[16616:20288:1223/103057.638:ERROR:simple_index_file.cc(294)] Could not create a directory to hold the index file
[16616:21272:1223/103057.757:WARNING:pref_notifier_impl.cc(40)] Pref observer for media_router.cast_allow_all_ips found at shutdown.
